# JRE version: Java(TM) SE Runtime Environment (8.0_65-b17) (build 1.8.0_65-b17)
# Java VM: Java HotSpot(TM) 64-Bit Server VM (25.65-b01 mixed mode windows-amd64 compressed oops)
Heap:
 PSYoungGen      total 125440K, used 19773K [0x00000000eb700000, 0x00000000f4400000, 0x0000000100000000)
  eden space 111104K, 13% used [0x00000000eb700000,0x00000000ec59a598,0x00000000f2380000)
  from space 14336K, 33% used [0x00000000f3180000,0x00000000f3635018,0x00000000f3f80000)
  to   space 14336K, 0% used [0x00000000f2380000,0x00000000f2380000,0x00000000f3180000)
 ParOldGen       total 60416K, used 42077K [0x00000000c2400000, 0x00000000c5f00000, 0x00000000eb700000)
  object space 60416K, 69% used [0x00000000c2400000,0x00000000c4d175a0,0x00000000c5f00000)
 Metaspace       used 43572K, capacity 45375K, committed 45568K, reserved 1087488K
  class space    used 6130K, capacity 6881K, committed 6912K, reserved 1048576K
GC Heap History (10 events):
Event: 24.920 GC heap before
{Heap before GC invocations=14 (full 1):
 PSYoungGen      total 70656K, used 69171K [0x00000000eb700000, 0x00000000f0d00000, 0x0000000100000000)
  eden space 64512K, 97% used [0x00000000eb700000,0x00000000ef491a48,0x00000000ef600000)
  from space 6144K, 99% used [0x00000000efe00000,0x00000000f03fb1c8,0x00000000f0400000)
  to   space 8192K, 0% used [0x00000000ef600000,0x00000000ef600000,0x00000000efe00000)
 ParOldGen       total 31744K, used 14045K [0x00000000c2400000, 0x00000000c4300000, 0x00000000eb700000)
  object space 31744K, 44% used [0x00000000c2400000,0x00000000c31b77a8,0x00000000c4300000)
 Metaspace       used 34335K, capacity 35363K, committed 35416K, reserved 1079296K
  class space    used 4705K, capacity 5120K, committed 5120K, reserved 1048576K
Event: 24.939 GC heap after
Heap after GC invocations=14 (full 1):
 PSYoungGen      total 72704K, used 8184K [0x00000000eb700000, 0x00000000f2580000, 0x0000000100000000)
  eden space 64512K, 0% used [0x00000000eb700000,0x00000000eb700000,0x00000000ef600000)
  from space 8192K, 99% used [0x00000000ef600000,0x00000000efdfe3e0,0x00000000efe00000)
  to   space 10752K, 0% used [0x00000000f1b00000,0x00000000f1b00000,0x00000000f2580000)
 ParOldGen       total 31744K, used 19091K [0x00000000c2400000, 0x00000000c4300000, 0x00000000eb700000)
  object space 31744K, 60% used [0x00000000c2400000,0x00000000c36a4e70,0x00000000c4300000)
 Metaspace       used 34335K, capacity 35363K, committed 35416K, reserved 1079296K
  class space    used 4705K, capacity 5120K, committed 5120K, reserved 1048576K
}
Event: 24.939 GC heap before
{Heap before GC invocations=15 (full 2):
 PSYoungGen      total 72704K, used 8184K [0x00000000eb700000, 0x00000000f2580000, 0x0000000100000000)
  eden space 64512K, 0% used [0x00000000eb700000,0x00000000eb700000,0x00000000ef600000)
  from space 8192K, 99% used [0x00000000ef600000,0x00000000efdfe3e0,0x00000000efe00000)
  to   space 10752K, 0% used [0x00000000f1b00000,0x00000000f1b00000,0x00000000f2580000)
 ParOldGen       total 31744K, used 19091K [0x00000000c2400000, 0x00000000c4300000, 0x00000000eb700000)
  object space 31744K, 60% used [0x00000000c2400000,0x00000000c36a4e70,0x00000000c4300000)
 Metaspace       used 34335K, capacity 35363K, committed 35416K, reserved 1079296K
  class space    used 4705K, capacity 5120K, committed 5120K, reserved 1048576K
Event: 25.088 GC heap after
Heap after GC invocations=15 (full 2):
 PSYoungGen      total 72704K, used 0K [0x00000000eb700000, 0x00000000f2580000, 0x0000000100000000)
  eden space 64512K, 0% used [0x00000000eb700000,0x00000000eb700000,0x00000000ef600000)
  from space 8192K, 0% used [0x00000000ef600000,0x00000000ef600000,0x00000000efe00000)
  to   space 10752K, 0% used [0x00000000f1b00000,0x00000000f1b00000,0x00000000f2580000)
 ParOldGen       total 60416K, used 25534K [0x00000000c2400000, 0x00000000c5f00000, 0x00000000eb700000)
  object space 60416K, 42% used [0x00000000c2400000,0x00000000c3cef818,0x00000000c5f00000)
 Metaspace       used 34335K, capacity 35363K, committed 35416K, reserved 1079296K
  class space    used 4705K, capacity 5120K, committed 5120K, reserved 1048576K
}
Event: 28.310 GC heap before
{Heap before GC invocations=16 (full 2):
 PSYoungGen      total 72704K, used 64512K [0x00000000eb700000, 0x00000000f2580000, 0x0000000100000000)
  eden space 64512K, 100% used [0x00000000eb700000,0x00000000ef600000,0x00000000ef600000)
  from space 8192K, 0% used [0x00000000ef600000,0x00000000ef600000,0x00000000efe00000)
  to   space 10752K, 0% used [0x00000000f1b00000,0x00000000f1b00000,0x00000000f2580000)
 ParOldGen       total 60416K, used 25534K [0x00000000c2400000, 0x00000000c5f00000, 0x00000000eb700000)
  object space 60416K, 42% used [0x00000000c2400000,0x00000000c3cef818,0x00000000c5f00000)
 Metaspace       used 38065K, capacity 39041K, committed 39168K, reserved 1083392K
  class space    used 5172K, capacity 5573K, committed 5632K, reserved 1048576K
Event: 28.331 GC heap after
Heap after GC invocations=16 (full 2):
 PSYoungGen      total 91136K, used 7624K [0x00000000eb700000, 0x00000000f2280000, 0x0000000100000000)
  eden space 83456K, 0% used [0x00000000eb700000,0x00000000eb700000,0x00000000f0880000)
  from space 7680K, 99% used [0x00000000f1b00000,0x00000000f22722c8,0x00000000f2280000)
  to   space 11264K, 0% used [0x00000000f0c80000,0x00000000f0c80000,0x00000000f1780000)
 ParOldGen       total 60416K, used 25542K [0x00000000c2400000, 0x00000000c5f00000, 0x00000000eb700000)
  object space 60416K, 42% used [0x00000000c2400000,0x00000000c3cf1818,0x00000000c5f00000)
 Metaspace       used 38065K, capacity 39041K, committed 39168K, reserved 1083392K
  class space    used 5172K, capacity 5573K, committed 5632K, reserved 1048576K
}
Event: 29.694 GC heap before
{Heap before GC invocations=17 (full 2):
 PSYoungGen      total 91136K, used 91080K [0x00000000eb700000, 0x00000000f2280000, 0x0000000100000000)
  eden space 83456K, 100% used [0x00000000eb700000,0x00000000f0880000,0x00000000f0880000)
  from space 7680K, 99% used [0x00000000f1b00000,0x00000000f22722c8,0x00000000f2280000)
  to   space 11264K, 0% used [0x00000000f0c80000,0x00000000f0c80000,0x00000000f1780000)
 ParOldGen       total 60416K, used 25542K [0x00000000c2400000, 0x00000000c5f00000, 0x00000000eb700000)
  object space 60416K, 42% used [0x00000000c2400000,0x00000000c3cf1818,0x00000000c5f00000)
 Metaspace       used 40627K, capacity 41859K, committed 42112K, reserved 1085440K
  class space    used 5609K, capacity 6155K, committed 6272K, reserved 1048576K
Event: 29.729 GC heap after
Heap after GC invocations=17 (full 2):
 PSYoungGen      total 98816K, used 11249K [0x00000000eb700000, 0x00000000f3f80000, 0x0000000100000000)
  eden space 87552K, 0% used [0x00000000eb700000,0x00000000eb700000,0x00000000f0c80000)
  from space 11264K, 99% used [0x00000000f0c80000,0x00000000f177c480,0x00000000f1780000)
  to   space 14336K, 0% used [0x00000000f3180000,0x00000000f3180000,0x00000000f3f80000)
 ParOldGen       total 60416K, used 30799K [0x00000000c2400000, 0x00000000c5f00000, 0x00000000eb700000)
  object space 60416K, 50% used [0x00000000c2400000,0x00000000c4213f60,0x00000000c5f00000)
 Metaspace       used 40627K, capacity 41859K, committed 42112K, reserved 1085440K
  class space    used 5609K, capacity 6155K, committed 6272K, reserved 1048576K
}
Event: 32.146 GC heap before
{Heap before GC invocations=18 (full 2):
 PSYoungGen      total 98816K, used 98801K [0x00000000eb700000, 0x00000000f3f80000, 0x0000000100000000)
  eden space 87552K, 100% used [0x00000000eb700000,0x00000000f0c80000,0x00000000f0c80000)
  from space 11264K, 99% used [0x00000000f0c80000,0x00000000f177c480,0x00000000f1780000)
  to   space 14336K, 0% used [0x00000000f3180000,0x00000000f3180000,0x00000000f3f80000)
 ParOldGen       total 60416K, used 30799K [0x00000000c2400000, 0x00000000c5f00000, 0x00000000eb700000)
  object space 60416K, 50% used [0x00000000c2400000,0x00000000c4213f60,0x00000000c5f00000)
 Metaspace       used 43200K, capacity 44877K, committed 45184K, reserved 1087488K
  class space    used 6049K, capacity 6690K, committed 6784K, reserved 1048576K
Event: 32.176 GC heap after
Heap after GC invocations=18 (full 2):
 PSYoungGen      total 125440K, used 4820K [0x00000000eb700000, 0x00000000f4400000, 0x0000000100000000)
  eden space 111104K, 0% used [0x00000000eb700000,0x00000000eb700000,0x00000000f2380000)
  from space 14336K, 33% used [0x00000000f3180000,0x00000000f3635018,0x00000000f3f80000)
  to   space 14336K, 0% used [0x00000000f2380000,0x00000000f2380000,0x00000000f3180000)
 ParOldGen       total 60416K, used 42077K [0x00000000c2400000, 0x00000000c5f00000, 0x00000000eb700000)
  object space 60416K, 69% used [0x00000000c2400000,0x00000000c4d175a0,0x00000000c5f00000)
 Metaspace       used 43200K, capacity 44877K, committed 45184K, reserved 1087488K
  class space    used 6049K, capacity 6690K, committed 6784K, reserved 1048576K
}

